mode: set
2020_1_Color_noise/internal/pkg/chat/repository/repository.go:13.57,15.2 1 1
2020_1_Color_noise/internal/pkg/chat/repository/repository.go:17.113,20.16 2 1
2020_1_Color_noise/internal/pkg/chat/repository/repository.go:24.2,24.17 1 1
2020_1_Color_noise/internal/pkg/chat/repository/repository.go:20.16,22.3 1 1
2020_1_Color_noise/internal/pkg/chat/repository/repository.go:27.91,30.16 2 1
2020_1_Color_noise/internal/pkg/chat/repository/repository.go:33.2,33.19 1 1
2020_1_Color_noise/internal/pkg/chat/repository/repository.go:30.16,32.3 1 1
2020_1_Color_noise/internal/pkg/chat/repository/repository.go:36.111,39.16 2 1
2020_1_Color_noise/internal/pkg/chat/repository/repository.go:42.2,42.17 1 1
2020_1_Color_noise/internal/pkg/chat/repository/repository.go:39.16,41.3 1 1
